                    concat                     |            carrera             
-----------------------------------------------+--------------------------------
 Barbarita      Lara           Martínez        | Ingeniería Civil Informática  
(1 fila)

             nombre             | stock 
--------------------------------+-------
 Queque                         |   100
 Pinguinos                      |   800
 Manqueque                      |   400
 Super 8                        |   230
 Pan con Chancho                |  1000
(5 filas)

                    nombre                     |   rut    
-----------------------------------------------+----------
 Barbarita      Lara           Martínez        | 16207335
 Roberto        Carvajal       Sandoval        | 16431751
(2 filas)

             nombre             | stock 
--------------------------------+-------
 Queque                         |   100
 Manqueque                      |   400
 Super 8                        |   230
(3 filas)

                    nombre                     |  dia   |        nombre_producto         
-----------------------------------------------+--------+--------------------------------
 Roberto        Carvajal       Sandoval        | Martes | Queque                        
 Barbarita      Lara           Martínez        | Martes | Queque                        
(2 filas)

